manamboara fifandraisana A [col1:isa,col2:soratra,col3:isa]
ampidiro [1,A,3] anaty A
ampidiro [2,B,5] anaty A
ampidiro [3,C,7] anaty A
manamboara fifandraisana B [col1:isa,col2:soratra,col3:isa]
ampidiro [1,C,7] anaty B
ampidiro [2,X,4] anaty B
ampidiro [3,Y,2] anaty B

manamboara fifandraisana A [col1:isa,col2:soratra,col3:isa]
ampidiro [1,A,3] anaty A
ampidiro [2,B,5] anaty A
ampidiro [3,C,7] anaty A
manamboara fifandraisana B [col1:isa,col2:soratra,col3:isa]
ampidiro [1,C,7] anaty B
ampidiro [2,X,4] anaty B
ampidiro [3,Y,2] anaty B
alaivo * anaty A
alaivo * anaty A
alaivo col1,col2 anaty A
alaivo col1 anaty A
alaivo col2,col2,col2,col2 anaty A
alaivo * anaty A
alaivo col1,col1,col2,col2,col3,col3 anaty A
alaivo col1 anaty A
alaivo * anaty A
alaivo col1 anaty A
alaivo col2 anaty A
alaivo col1,col2 anaty A
alaivo * anaty B
alaivo * anaty A
alaivo fitambarana A sy B
alaivo fitoviana A sy B
alaivo fahasamihafana A sy B
alaivo col1 anaty B
